Copyright 1986-2018 Xilinx, Inc. All Rights Reserved.
---------------------------------------------------------------------------------------------------------------------------------------------------------
| Tool Version : Vivado v.2018.3 (win64) Build 2405991 Thu Dec  6 23:38:27 MST 2018
| Date         : Sun Jan  2 16:54:42 2022
| Host         : XeonE3 running 64-bit Service Pack 1  (build 7601)
| Command      : report_drc -file xsdr_design_1_wrapper_drc_routed.rpt -pb xsdr_design_1_wrapper_drc_routed.pb -rpx xsdr_design_1_wrapper_drc_routed.rpx
| Design       : xsdr_design_1_wrapper
| Device       : xc7a35tftg256-1
| Speed File   : -1
| Design State : Fully Routed
---------------------------------------------------------------------------------------------------------------------------------------------------------

Report DRC

Table of Contents
-----------------
1. REPORT SUMMARY
2. REPORT DETAILS

1. REPORT SUMMARY
-----------------
            Netlist: netlist
          Floorplan: design_1
      Design limits: <entire design considered>
           Ruledeck: default
             Max violations: <unlimited>
             Violations found: 14
+-----------+----------+-----------------------------------------------------+------------+
| Rule      | Severity | Description                                         | Violations |
+-----------+----------+-----------------------------------------------------+------------+
| CFGBVS-1  | Warning  | Missing CFGBVS and CONFIG_VOLTAGE Design Properties | 1          |
| RTSTAT-10 | Warning  | No routable loads                                   | 1          |
| REQP-28   | Advisory | enum_USE_MULT_NONE_connects_CEM_GND                 | 6          |
| REQP-30   | Advisory | enum_MREG_0_connects_CEM_GND                        | 6          |
+-----------+----------+-----------------------------------------------------+------------+

2. REPORT DETAILS
-----------------
CFGBVS-1#1 Warning
Missing CFGBVS and CONFIG_VOLTAGE Design Properties  
Neither the CFGBVS nor CONFIG_VOLTAGE voltage property is set in the current_design.  Configuration bank voltage select (CFGBVS) must be set to VCCO or GND, and CONFIG_VOLTAGE must be set to the correct configuration voltage, in order to determine the I/O voltage support for the pins in bank 0.  It is suggested to specify these either using the 'Edit Device Properties' function in the GUI or directly in the XDC file using the following syntax:

 set_property CFGBVS value1 [current_design]
 #where value1 is either VCCO or GND

 set_property CONFIG_VOLTAGE value2 [current_design]
 #where value2 is the voltage provided to configuration bank 0

Refer to the device configuration user guide for more information.
Related violations: <none>

RTSTAT-10#1 Warning
No routable loads  
2 net(s) have no routable loads. The problem bus(es) and/or net(s) are xsdr_design_1_i/fifo_generator_0/U0/inst_fifo_gen/gconvfifo.rf/grf.rf/gntv_or_sync_fifo.gl0.rd/gras.rsts/ram_empty_i, xsdr_design_1_i/fifo_generator_1/U0/inst_fifo_gen/gconvfifo.rf/grf.rf/gntv_or_sync_fifo.gl0.wr/gwas.wsts/ram_full_i.
Related violations: <none>

REQP-28#1 Advisory
enum_USE_MULT_NONE_connects_CEM_GND  
xsdr_design_1_i/fir_compiler_0/U0/i_synth/g_polyphase_decimation.i_polyphase_decimation/g_op_paths[0].g_combine.i_ext_mult/g_two_col_comb.i_gen_upper_bits/i_add_accum/g_dsp48.g_dsp48e1.i_dsp48e1: When the DSP48E1 USE_MULT attribute is set to NONE, the CEM input pin should be tied to GND to save power.
Related violations: <none>

REQP-28#2 Advisory
enum_USE_MULT_NONE_connects_CEM_GND  
xsdr_design_1_i/fir_compiler_0/U0/i_synth/g_polyphase_decimation.i_polyphase_decimation/g_semi_parallel_and_smac.g_paths[0].g_madd_array_and_accum.g_accum.i_accum/i_add_accum/g_dsp48.g_dsp48e1.i_dsp48e1: When the DSP48E1 USE_MULT attribute is set to NONE, the CEM input pin should be tied to GND to save power.
Related violations: <none>

REQP-28#3 Advisory
enum_USE_MULT_NONE_connects_CEM_GND  
xsdr_design_1_i/fir_compiler_0/U0/i_synth/g_polyphase_decimation.i_polyphase_decimation/g_semi_parallel_and_smac.g_paths[1].g_madd_array_and_accum.g_accum.i_accum/i_add_accum/g_dsp48.g_dsp48e1.i_dsp48e1: When the DSP48E1 USE_MULT attribute is set to NONE, the CEM input pin should be tied to GND to save power.
Related violations: <none>

REQP-28#4 Advisory
enum_USE_MULT_NONE_connects_CEM_GND  
xsdr_design_1_i/fir_compiler_1/U0/i_synth/g_polyphase_decimation.i_polyphase_decimation/g_op_paths[0].g_combine.i_ext_mult/g_two_col_comb.i_gen_upper_bits/i_add_accum/g_dsp48.g_dsp48e1.i_dsp48e1: When the DSP48E1 USE_MULT attribute is set to NONE, the CEM input pin should be tied to GND to save power.
Related violations: <none>

REQP-28#5 Advisory
enum_USE_MULT_NONE_connects_CEM_GND  
xsdr_design_1_i/fir_compiler_1/U0/i_synth/g_polyphase_decimation.i_polyphase_decimation/g_semi_parallel_and_smac.g_paths[0].g_madd_array_and_accum.g_accum.i_accum/i_add_accum/g_dsp48.g_dsp48e1.i_dsp48e1: When the DSP48E1 USE_MULT attribute is set to NONE, the CEM input pin should be tied to GND to save power.
Related violations: <none>

REQP-28#6 Advisory
enum_USE_MULT_NONE_connects_CEM_GND  
xsdr_design_1_i/fir_compiler_1/U0/i_synth/g_polyphase_decimation.i_polyphase_decimation/g_semi_parallel_and_smac.g_paths[1].g_madd_array_and_accum.g_accum.i_accum/i_add_accum/g_dsp48.g_dsp48e1.i_dsp48e1: When the DSP48E1 USE_MULT attribute is set to NONE, the CEM input pin should be tied to GND to save power.
Related violations: <none>

REQP-30#1 Advisory
enum_MREG_0_connects_CEM_GND  
xsdr_design_1_i/fir_compiler_0/U0/i_synth/g_polyphase_decimation.i_polyphase_decimation/g_op_paths[0].g_combine.i_ext_mult/g_two_col_comb.i_gen_upper_bits/i_add_accum/g_dsp48.g_dsp48e1.i_dsp48e1: When the DSP48E1 MREG attribute is set to 0, the CEM input pin should be tied to GND to save power.
Related violations: <none>

REQP-30#2 Advisory
enum_MREG_0_connects_CEM_GND  
xsdr_design_1_i/fir_compiler_0/U0/i_synth/g_polyphase_decimation.i_polyphase_decimation/g_semi_parallel_and_smac.g_paths[0].g_madd_array_and_accum.g_accum.i_accum/i_add_accum/g_dsp48.g_dsp48e1.i_dsp48e1: When the DSP48E1 MREG attribute is set to 0, the CEM input pin should be tied to GND to save power.
Related violations: <none>

REQP-30#3 Advisory
enum_MREG_0_connects_CEM_GND  
xsdr_design_1_i/fir_compiler_0/U0/i_synth/g_polyphase_decimation.i_polyphase_decimation/g_semi_parallel_and_smac.g_paths[1].g_madd_array_and_accum.g_accum.i_accum/i_add_accum/g_dsp48.g_dsp48e1.i_dsp48e1: When the DSP48E1 MREG attribute is set to 0, the CEM input pin should be tied to GND to save power.
Related violations: <none>

REQP-30#4 Advisory
enum_MREG_0_connects_CEM_GND  
xsdr_design_1_i/fir_compiler_1/U0/i_synth/g_polyphase_decimation.i_polyphase_decimation/g_op_paths[0].g_combine.i_ext_mult/g_two_col_comb.i_gen_upper_bits/i_add_accum/g_dsp48.g_dsp48e1.i_dsp48e1: When the DSP48E1 MREG attribute is set to 0, the CEM input pin should be tied to GND to save power.
Related violations: <none>

REQP-30#5 Advisory
enum_MREG_0_connects_CEM_GND  
xsdr_design_1_i/fir_compiler_1/U0/i_synth/g_polyphase_decimation.i_polyphase_decimation/g_semi_parallel_and_smac.g_paths[0].g_madd_array_and_accum.g_accum.i_accum/i_add_accum/g_dsp48.g_dsp48e1.i_dsp48e1: When the DSP48E1 MREG attribute is set to 0, the CEM input pin should be tied to GND to save power.
Related violations: <none>

REQP-30#6 Advisory
enum_MREG_0_connects_CEM_GND  
xsdr_design_1_i/fir_compiler_1/U0/i_synth/g_polyphase_decimation.i_polyphase_decimation/g_semi_parallel_and_smac.g_paths[1].g_madd_array_and_accum.g_accum.i_accum/i_add_accum/g_dsp48.g_dsp48e1.i_dsp48e1: When the DSP48E1 MREG attribute is set to 0, the CEM input pin should be tied to GND to save power.
Related violations: <none>


